<?xml version="1.0" encoding="UTF-8"?>
<!-- Generated by org.testng.reporters.JUnitReportReporter -->
<testsuite skipped="0" hostname="DESKTOP-C3NV9H8" name="Test.NewTest" tests="1" failures="0" timestamp="2020-10-11T22:58:36 IST" time="14.623" errors="0">
  <testcase name="f" time="14.623" classname="Test.NewTest"/>
  <system-out/>
</testsuite> <!-- Test.NewTest -->
